Нет @ или . в адресе почты в строке Степан ky 59
поле имени содержит НЕ только буквы в строке Земфира42 oprpoo.ru 48
поле имени содержит НЕ только буквы в строке Хенг666 gnbjhc@mail.ru 142
Не хватает введенных данных not enough values to unpack (expected 3, got 2) в строк 32 lmwaib@mail.ru
Нет @ или . в адресе почты в строке Мария 84 esey@mail.ru
поле имени содержит НЕ только буквы в строке Ольга42 pphew@gmail.com 6
поле имени содержит НЕ только буквы в строке Ли666 zndmnr@gmail.com 69
поле имени содержит НЕ только буквы в строке Муммий42 nruqcwad@gmail.com 66
Не хватает введенных данных not enough values to unpack (expected 3, got 1) в строк 
поле имени содержит НЕ только буквы в строке Ярослав42 igs@mail.ru 79
поле имени содержит НЕ только буквы в строке Геннадий42 pc@ya.ru 114
поле имени содержит НЕ только буквы в строке Равшан666 bksvga@gmail.com 121
поле имени содержит НЕ только буквы в строке Муммий666 mc@gmail.com 103
Нет @ или . в адресе почты в строке Пенг tzyqfcitfigvam 98
поле имени содержит НЕ только буквы в строке Михаил!!!!1 bjas@mail.ru 143
поле имени содержит НЕ только буквы в строке Михаил666 uutmdfkh@mail.ru 101
поле имени содержит НЕ только буквы в строке Ольга666 vlqxynaj@ya.ru 88
поле имени содержит НЕ только буквы в строке Владимир!!!!1 iaiqss@mail.ru 59
поле имени содержит НЕ только буквы в строке Джигурда42 mvocd@ya.ru 23
поле имени содержит НЕ только буквы в строке Ван!!!!1 qnmlo@mail.ru 85
Нет @ или . в адресе почты в строке Ли ppoohrkgik 142
Не хватает введенных данных not enough values to unpack (expected 3, got 1) в строк 
поле имени содержит НЕ только буквы в строке Бузова42 xqqilbwkso@ya.ru 28
поле имени содержит НЕ только буквы в строке Владимир666 padnygk@gmail.com 9
поле имени содержит НЕ только буквы в строке Дмитрий42 achkqvm@ya.ru 63
поле имени содержит НЕ только буквы в строке Тролль42 phnhg@ya.ru 109
поле имени содержит НЕ только буквы в строке Ли666 wunotm.ru 121
поле имени содержит НЕ только буквы в строке Ли!!!!1 zgqxf@ya.ru 58
Нет @ или . в адресе почты в строке Ли oiasfigvam 11
поле имени содержит НЕ только буквы в строке Гнойный42 kbgatjx@gmail.com 11
Не хватает введенных данных not enough values to unpack (expected 3, got 1) в строк 84
Не хватает введенных данных not enough values to unpack (expected 3, got 2) в строк 100 kqmoh@mail.ru
поле имени содержит НЕ только буквы в строке Ли!!!!1 lyvxuxkycl@gmail.com 14
Нет @ или . в адресе почты в строке Джигурда ntvuwh 94
Не хватает введенных данных not enough values to unpack (expected 3, got 1) в строк 
поле имени содержит НЕ только буквы в строке Нагиев666 cywgddmgkb@gmail.com 26
поле имени содержит НЕ только буквы в строке Джамшут666 ejiuy@gmail.com 15
Не хватает введенных данных not enough values to unpack (expected 3, got 2) в строк Геннадий 70
поле имени содержит НЕ только буквы в строке Сянцзян666 bcwfmiz@gmail.com 65
поле имени содержит НЕ только буквы в строке Бузова666 agq@mail.ru 13
Нет @ или . в адресе почты в строке Анна foycgfigvam 20
Не хватает введенных данных not enough values to unpack (expected 3, got 1) в строк 
поле имени содержит НЕ только буквы в строке Артём42 fzokn@mail.ru 90
Нет @ или . в адресе почты в строке Джамшут kfc 40
поле имени содержит НЕ только буквы в строке Пенг666 zemfwxug@ya.ru 132
Нет @ или . в адресе почты в строке Ли 112 vdsy@mail.ru
Не хватает введенных данных not enough values to unpack (expected 3, got 1) в строк szozws@gmail.com
поле имени содержит НЕ только буквы в строке Ли42 qkwivw@ya.ru 68
Не хватает введенных данных not enough values to unpack (expected 3, got 1) в строк 
Не хватает введенных данных not enough values to unpack (expected 3, got 1) в строк 114
Не хватает введенных данных not enough values to unpack (expected 3, got 2) в строк 6 pihspjscc@gmail.com
поле имени содержит НЕ только буквы в строке Пенг!!!!1 jax@mail.ru 117
Нет @ или . в адресе почты в строке Земфира bgbnnnwzfigvam 80
поле имени содержит НЕ только буквы в строке Геннадий42 mcfsrhnu@gmail.com 119
поле имени содержит НЕ только буквы в строке Сянцзян!!!!1 lbdwsvyr@ya.ru 101
Не хватает введенных данных not enough values to unpack (expected 3, got 1) в строк Ли
Нет @ или . в адресе почты в строке Гнойный rbxelphdfigvam 141
поле имени содержит НЕ только буквы в строке Мария!!!!1 szssysaz@mail.ru 58
Не хватает введенных данных not enough values to unpack (expected 3, got 2) в строк Равшан vu@mail.ru
Не хватает введенных данных not enough values to unpack (expected 3, got 1) в строк Джамшут
Не хватает введенных данных not enough values to unpack (expected 3, got 2) в строк Равшан nkb@gmail.com
Не хватает введенных данных not enough values to unpack (expected 3, got 2) в строк Гнойный stfrxiwkpe@gmail.com
Нет @ или . в адресе почты в строке Ли 8 lqzocwl@mail.ru
Нет @ или . в адресе почты в строке Ольга jzztfigvam 64
поле имени содержит НЕ только буквы в строке Ольга42 ioxf@ya.ru 55
Не хватает введенных данных not enough values to unpack (expected 3, got 2) в строк Степан xksfhicn@gmail.com
Не хватает введенных данных not enough values to unpack (expected 3, got 1) в строк Бузова
Нет @ или . в адресе почты в строке Джамшут 85 yhihzkamhj@mail.ru
Не хватает введенных данных not enough values to unpack (expected 3, got 1) в строк 
Нет @ или . в адресе почты в строке Ярослав vtq 90
поле имени содержит НЕ только буквы в строке Джигурда!!!!1 zqygia@ya.ru 89
поле имени содержит НЕ только буквы в строке Волочкова!!!!1 fvnwaq@ya.ru 107
Нет @ или . в адресе почты в строке Пенг nlxetmbctfigvam 88
поле имени содержит НЕ только буквы в строке Ли!!!!1 lb@gmail.com 95
Нет @ или . в адресе почты в строке Геннадий ceahtetz 31
Нет @ или . в адресе почты в строке Геннадий sdlvehkjwfigvam 11
Не хватает введенных данных not enough values to unpack (expected 3, got 1) в строк 
Не хватает введенных данных not enough values to unpack (expected 3, got 1) в строк 
поле имени содержит НЕ только буквы в строке Мария!!!!1 jxthdgat@ya.ru 24
поле имени содержит НЕ только буквы в строке Хенг!!!!1 bmvynuv@ya.ru 125
поле имени содержит НЕ только буквы в строке Михаил42 og@mail.ru 104
Нет @ или . в адресе почты в строке Артём fufmngwfigvam 24
Не хватает введенных данных not enough values to unpack (expected 3, got 1) в строк 18
Нет @ или . в адресе почты в строке Анна 87 tjbsuaqeij@mail.ru
поле имени содержит НЕ только буквы в строке Нагиев42 ckp@gmail.com 116
Нет @ или . в адресе почты в строке Анна 139 gsfpjtpu@mail.ru
Нет @ или . в адресе почты в строке Земфира qfp 81
Не хватает введенных данных not enough values to unpack (expected 3, got 1) в строк 
поле имени содержит НЕ только буквы в строке Равшан!!!!1 qv@ya.ru 99
Не хватает введенных данных not enough values to unpack (expected 3, got 2) в строк Михаил 140
поле имени содержит НЕ только буквы в строке Артём666 nnwzksghzj@ya.ru 75
Нет @ или . в адресе почты в строке Михаил pwys 4
Нет @ или . в адресе почты в строке Сянцзян bmac 85
Не хватает введенных данных not enough values to unpack (expected 3, got 1) в строк 
Нет @ или . в адресе почты в строке Чонгкун 95 gjbskxdkfigvam
Не хватает введенных данных not enough values to unpack (expected 3, got 1) в строк 85
Нет @ или . в адресе почты в строке Михаил 122 tnbsqbqph@mail.ru
поле имени содержит НЕ только буквы в строке Яочуан!!!!1 uasginylzu@mail.ru 9
поле имени содержит НЕ только буквы в строке Тролль!!!!1 me@ya.ru 40
Не хватает введенных данных not enough values to unpack (expected 3, got 1) в строк 
поле имени содержит НЕ только буквы в строке Тролль!!!!1 scpqhraz@mail.ru 129
Нет @ или . в адресе почты в строке Джигурда 108 vcdg@ya.ru
Не хватает введенных данных not enough values to unpack (expected 3, got 1) в строк 49
Не хватает введенных данных not enough values to unpack (expected 3, got 2) в строк Хенг qhgqhwdou@ya.ru
поле имени содержит НЕ только буквы в строке Ярослав42 srlrneygk@gmail.com 137
поле имени содержит НЕ только буквы в строке Ли666 hmk@ya.ru 70
Не хватает введенных данных not enough values to unpack (expected 3, got 1) в строк sszgsif@ya.ru
поле имени содержит НЕ только буквы в строке Сянцзян!!!!1 znkttbcq@ya.ru 101
поле имени содержит НЕ только буквы в строке Бузова!!!!1 wbtn@ya.ru 8
Нет @ или . в адресе почты в строке Гнойный 28 kjylwig@gmail.com
Нет @ или . в адресе почты в строке Нагиев 141 ksclybha@ya.ru
поле имени содержит НЕ только буквы в строке Анна42 mdphjole@mail.ru 97
Нет @ или . в адресе почты в строке Ли kjeijr 86
поле имени содержит НЕ только буквы в строке Ван666 rwozf@mail.ru 60
поле имени содержит НЕ только буквы в строке Гнойный!!!!1 tfdxnc@gmail.com 58
поле имени содержит НЕ только буквы в строке Чонгкун666 nuvifr@mail.ru 88
Не хватает введенных данных not enough values to unpack (expected 3, got 2) в строк Ольга 112
Не хватает введенных данных not enough values to unpack (expected 3, got 1) в строк rnneuvnkuq@ya.ru
Нет @ или . в адресе почты в строке Ольга tqz 31
поле имени содержит НЕ только буквы в строке Ольга!!!!1 xa@mail.ru 19
Не хватает введенных данных not enough values to unpack (expected 3, got 1) в строк 6
Не хватает введенных данных not enough values to unpack (expected 3, got 2) в строк Михаил suuxrwmdup@mail.ru
поле имени содержит НЕ только буквы в строке Нагиев42 hepcefwt@gmail.com 146
поле имени содержит НЕ только буквы в строке Земфира!!!!1 ysjx@gmail.com 38
поле имени содержит НЕ только буквы в строке Владимир42 tigtz@gmail.com 118
Не хватает введенных данных not enough values to unpack (expected 3, got 1) в строк 
поле имени содержит НЕ только буквы в строке Сянцзян42 smwuwyf@ya.ru 93
Нет @ или . в адресе почты в строке Ли cnenvqixfigvam 75
Не хватает введенных данных not enough values to unpack (expected 3, got 2) в строк Гнойный svbl@ya.ru
Нет @ или . в адресе почты в строке Джамшут kntebz 137
Нет @ или . в адресе почты в строке Тролль yazlktxksy 125
Нет @ или . в адресе почты в строке Артём pcyaylecdp 10
Нет @ или . в адресе почты в строке Джигурда 142 jp@gmail.com
поле имени содержит НЕ только буквы в строке Анна666 woly@ya.ru 92
Нет @ или . в адресе почты в строке Пенг iru 69
Нет @ или . в адресе почты в строке Земфира thfjjam 32
поле имени содержит НЕ только буквы в строке Нагиев!!!!1 mxjvvmjw@ya.ru 69
Не хватает введенных данных not enough values to unpack (expected 3, got 1) в строк svrlbuyt@gmail.com
Нет @ или . в адресе почты в строке Ли 148 gnfkppro@gmail.com
поле имени содержит НЕ только буквы в строке Чонгкун42 vebo@ya.ru 74
Не хватает введенных данных not enough values to unpack (expected 3, got 1) в строк Ли
Нет @ или . в адресе почты в строке Геннадий 63 cy@gmail.com
поле имени содержит НЕ только буквы в строке Ольга42 ytoqsvzdbj@ya.ru 12
поле имени содержит НЕ только буквы в строке Владимир666 fqeshkvpb@gmail.com 136
Нет @ или . в адресе почты в строке Степан fysquqxop 66
поле имени содержит НЕ только буквы в строке Яочуан666 ojhpeixeg@mail.ru 55
поле имени содержит НЕ только буквы в строке Артём42 bkvvgs@ya.ru 106
Не хватает введенных данных not enough values to unpack (expected 3, got 1) в строк 10
поле имени содержит НЕ только буквы в строке Ольга42 vtcydxxr@ya.ru 62
поле имени содержит НЕ только буквы в строке Пенг666 yumswlmp@mail.ru 14
поле имени содержит НЕ только буквы в строке Ван!!!!1 hejysrn@gmail.com 106
Не хватает введенных данных not enough values to unpack (expected 3, got 2) в строк Степан nmlczsgj@gmail.com
Не хватает введенных данных not enough values to unpack (expected 3, got 2) в строк 62 prkf@gmail.com
поле имени содержит НЕ только буквы в строке Муммий!!!!1 zob@gmail.com 35
Нет @ или . в адресе почты в строке Дмитрий msvvsohufigvam 148
Нет @ или . в адресе почты в строке Гнойный 6 lbtu@ya.ru
поле имени содержит НЕ только буквы в строке Тролль42 alhjiwgs@ya.ru 52
поле имени содержит НЕ только буквы в строке Муммий42 zxms@ya.ru 129
Не хватает введенных данных not enough values to unpack (expected 3, got 1) в строк 77
поле имени содержит НЕ только буквы в строке Чехова42 hhtjjrwpev@gmail.com 8
Не хватает введенных данных not enough values to unpack (expected 3, got 1) в строк 134
поле имени содержит НЕ только буквы в строке Тролль!!!!1 bogopq@gmail.com 80
Не хватает введенных данных not enough values to unpack (expected 3, got 2) в строк 98 gcuxhm@ya.ru
Не хватает введенных данных not enough values to unpack (expected 3, got 1) в строк olntfwja@ya.ru
Не хватает введенных данных not enough values to unpack (expected 3, got 1) в строк 82
поле имени содержит НЕ только буквы в строке Сянцзян42 sfrpkl@ya.ru 54
Не хватает введенных данных not enough values to unpack (expected 3, got 2) в строк 118 ereuqwvy@ya.ru
Нет @ или . в адресе почты в строке Гнойный 86 fj@ya.ru
поле имени содержит НЕ только буквы в строке Бузова42 ydx@mail.ru 121
поле имени содержит НЕ только буквы в строке Ярослав666 kfthu@gmail.com 68
Нет @ или . в адресе почты в строке Ли ienntshosefigvam 126
Нет @ или . в адресе почты в строке Геннадий hfo 76
Нет @ или . в адресе почты в строке Равшан nrgfigvam 108
Не хватает введенных данных not enough values to unpack (expected 3, got 2) в строк Ольга 42
Не хватает введенных данных not enough values to unpack (expected 3, got 1) в строк 
поле имени содержит НЕ только буквы в строке Владимир666 onnjp@mail.ru 125
Не хватает введенных данных not enough values to unpack (expected 3, got 1) в строк 
поле имени содержит НЕ только буквы в строке Ли!!!!1 yknhi@gmail.com 86
Нет @ или . в адресе почты в строке Яочуан ecbdyw 60
Не хватает введенных данных not enough values to unpack (expected 3, got 1) в строк 42
Нет @ или . в адресе почты в строке Волочкова 4 fs@gmail.com
поле имени содержит НЕ только буквы в строке Ли42 os@mail.ru 114
Нет @ или . в адресе почты в строке Ван ri 28
поле имени содержит НЕ только буквы в строке Михаил!!!!1 augxx@mail.ru 31
Не хватает введенных данных not enough values to unpack (expected 3, got 1) в строк 
поле имени содержит НЕ только буквы в строке Муммий!!!!1 jhywpwbfye@ya.ru 47
поле имени содержит НЕ только буквы в строке Ли666 hxsewxm.mail.ru 42
поле имени содержит НЕ только буквы в строке Чонгкун42 gqpxooc@ya.ru 15
Нет @ или . в адресе почты в строке Ли 130 gnqdxd@ya.ru
поле имени содержит НЕ только буквы в строке Чехова666 fvsmfjx@gmail.com 147
поле имени содержит НЕ только буквы в строке Волочкова666 te@ya.ru 98
Не хватает введенных данных not enough values to unpack (expected 3, got 1) в строк 
поле имени содержит НЕ только буквы в строке Дмитрий!!!!1 ejk@ya.ru 145
Нет @ или . в адресе почты в строке Артём mwcwi 61
Не хватает введенных данных not enough values to unpack (expected 3, got 2) в строк Ольга ylmsbg@mail.ru
Не хватает введенных данных not enough values to unpack (expected 3, got 2) в строк 47 hoejbllhb@mail.ru
Нет @ или . в адресе почты в строке Муммий kroj 66
Не хватает введенных данных not enough values to unpack (expected 3, got 1) в строк uqpyy@gmail.com
Нет @ или . в адресе почты в строке Ольга raoegy 42
поле имени содержит НЕ только буквы в строке Сянцзян42 dxappje@ya.ru 83
Не хватает введенных данных not enough values to unpack (expected 3, got 1) в строк 143
поле имени содержит НЕ только буквы в строке Муммий666 pfcgk@gmail.com 35
Нет @ или . в адресе почты в строке Джамшут prufigvam 30
поле имени содержит НЕ только буквы в строке Владимир42 ocil@ya.ru 64
Не хватает введенных данных not enough values to unpack (expected 3, got 2) в строк 146 ultgcrrsyd@gmail.com
Не хватает введенных данных not enough values to unpack (expected 3, got 1) в строк 
Не хватает введенных данных not enough values to unpack (expected 3, got 1) в строк 
поле имени содержит НЕ только буквы в строке Нагиев!!!!1 kbdexi@gmail.com 138
Не хватает введенных данных not enough values to unpack (expected 3, got 1) в строк wewteqjmbv@gmail.com
Нет @ или . в адресе почты в строке Ли 8 zv@ya.ru
поле имени содержит НЕ только буквы в строке Тролль666 san@ya.ru 32
поле имени содержит НЕ только буквы в строке Тролль42 myktu@ya.ru 101
Нет @ или . в адресе почты в строке Ольга srirfigvam 86
Не хватает введенных данных not enough values to unpack (expected 3, got 1) в строк Ли
поле имени содержит НЕ только буквы в строке Джигурда42 qgklrw@mail.ru 41
Не хватает введенных данных not enough values to unpack (expected 3, got 1) в строк Ли
Не хватает введенных данных not enough values to unpack (expected 3, got 1) в строк 63
Не хватает введенных данных not enough values to unpack (expected 3, got 1) в строк 
Не хватает введенных данных not enough values to unpack (expected 3, got 1) в строк 144
поле имени содержит НЕ только буквы в строке Мария666 bpwmxx@ya.ru 97
Не хватает введенных данных not enough values to unpack (expected 3, got 2) в строк 83 ndvtduby@ya.ru
Не хватает введенных данных not enough values to unpack (expected 3, got 1) в строк 13
поле имени содержит НЕ только буквы в строке Степан42 hdbkzaeky@mail.ru 50
Не хватает введенных данных not enough values to unpack (expected 3, got 1) в строк 111
поле имени содержит НЕ только буквы в строке Геннадий42 zheiftllgi@ya.ru 68
Не хватает введенных данных not enough values to unpack (expected 3, got 1) в строк Равшан
Не хватает введенных данных not enough values to unpack (expected 3, got 1) в строк 77
поле имени содержит НЕ только буквы в строке Дмитрий666 crixe@mail.ru 93
поле имени содержит НЕ только буквы в строке Яочуан666 lxlrule@gmail.com 78
Не хватает введенных данных not enough values to unpack (expected 3, got 2) в строк Михаил 73
Не хватает введенных данных not enough values to unpack (expected 3, got 1) в строк 133
Не хватает введенных данных not enough values to unpack (expected 3, got 1) в строк 
Нет @ или . в адресе почты в строке Владимир mchakediwfigvam 28
поле имени содержит НЕ только буквы в строке Тролль666 pfmeafl@ya.ru 131
Не хватает введенных данных not enough values to unpack (expected 3, got 1) в строк 90
поле имени содержит НЕ только буквы в строке Чонгкун!!!!1 epi@mail.ru 20
Нет @ или . в адресе почты в строке Ван hcfigvam 50
поле имени содержит НЕ только буквы в строке Чонгкун!!!!1 ezgswihx@mail.ru 105
поле имени содержит НЕ только буквы в строке Пенг!!!!1 zk@ya.ru 63
Не хватает введенных данных not enough values to unpack (expected 3, got 1) в строк 3
Не хватает введенных данных not enough values to unpack (expected 3, got 1) в строк 
Не хватает введенных данных not enough values to unpack (expected 3, got 2) в строк Владимир 107
поле имени содержит НЕ только буквы в строке Муммий666 vypsxkwymh@mail.ru 48
Нет @ или . в адресе почты в строке Ярослав 12 xopp@ya.ru
Нет @ или . в адресе почты в строке Дмитрий 55 ntrkw@ya.ru
поле имени содержит НЕ только буквы в строке Равшан!!!!1 hstqsan@mail.ru 23
Не хватает введенных данных not enough values to unpack (expected 3, got 2) в строк Земфира 121
поле имени содержит НЕ только буквы в строке Бузова666 nkiif@mail.ru 149
поле имени содержит НЕ только буквы в строке Мария42 evjnisvo@mail.ru 15
поле имени содержит НЕ только буквы в строке Чонгкун666 bfw@gmail.com 106
Нет @ или . в адресе почты в строке Анна dvzwfrwihfigvam 99
поле имени содержит НЕ только буквы в строке Муммий666 xtja@gmail.com 135
Не хватает введенных данных not enough values to unpack (expected 3, got 2) в строк Чонгкун 96
поле имени содержит НЕ только буквы в строке Анна666 qezvacvl@ya.ru 56
Нет @ или . в адресе почты в строке Нагиев nxmtrmbnxrfigvam 97
Нет @ или . в адресе почты в строке Ван 7 xd@ya.ru
Нет @ или . в адресе почты в строке Чонгкун xfbdcjmhsfigvam 30
поле имени содержит НЕ только буквы в строке Хенг666 hach@ya.ru 149
Нет @ или . в адресе почты в строке Муммий flbcsrgc 87
поле имени содержит НЕ только буквы в строке Яочуан42 apbwlkt@ya.ru 48
поле имени содержит НЕ только буквы в строке Михаил42 xrsihsm@gmail.com 29
поле имени содержит НЕ только буквы в строке Геннадий666 oe@gmail.com 28
Нет @ или . в адресе почты в строке Мария xbukipt 12
поле имени содержит НЕ только буквы в строке Яочуан666 aorzze@gmail.com 143
Нет @ или . в адресе почты в строке Михаил iyxmljrorlfigvam 83
поле имени содержит НЕ только буквы в строке Артём42 dndyftuyj.mail.ru 39
поле имени содержит НЕ только буквы в строке Чехова!!!!1 jjrw@mail.ru 50
Не хватает введенных данных not enough values to unpack (expected 3, got 1) в строк Тролль
Не хватает введенных данных not enough values to unpack (expected 3, got 2) в строк Владимир 97
поле имени содержит НЕ только буквы в строке Равшан42 szlxogi@mail.ru 66
Нет @ или . в адресе почты в строке Дмитрий hgopfigvam 140
Не хватает введенных данных not enough values to unpack (expected 3, got 1) в строк 
поле имени содержит НЕ только буквы в строке Чонгкун42 mxrivgxhry@ya.ru 22
поле имени содержит НЕ только буквы в строке Джамшут!!!!1 zwu@gmail.com 45
Нет @ или . в адресе почты в строке Геннадий jewqfigvam 132
Не хватает введенных данных not enough values to unpack (expected 3, got 2) в строк Волочкова qcopaxdp@ya.ru
поле имени содержит НЕ только буквы в строке Геннадий42 fcze@mail.ru 23
поле имени содержит НЕ только буквы в строке Ван666 scn@gmail.com 127
поле имени содержит НЕ только буквы в строке Джамшут42 hhldg@ya.ru 30
Нет @ или . в адресе почты в строке Ван umozztngyfigvam 40
Нет @ или . в адресе почты в строке Дмитрий pcnnjkxzfigvam 129
Не хватает введенных данных not enough values to unpack (expected 3, got 2) в строк 50 nz@mail.ru
Не хватает введенных данных not enough values to unpack (expected 3, got 1) в строк 101
Нет @ или . в адресе почты в строке Михаил vshhvhzkfigvam 138
Нет @ или . в адресе почты в строке Хенг 13 kicriaoeas@gmail.com
поле имени содержит НЕ только буквы в строке Сянцзян!!!!1 win@mail.ru 76
Нет @ или . в адресе почты в строке Тролль hzvrmkpfeqfigvam 140
Не хватает введенных данных not enough values to unpack (expected 3, got 1) в строк 117
поле имени содержит НЕ только буквы в строке Джамшут!!!!1 ysl@mail.ru 57
Не хватает введенных данных not enough values to unpack (expected 3, got 1) в строк 113
Нет @ или . в адресе почты в строке Земфира vcpgcxe 129
Не хватает введенных данных not enough values to unpack (expected 3, got 1) в строк 102
Не хватает введенных данных not enough values to unpack (expected 3, got 2) в строк 138 qg@mail.ru
поле имени содержит НЕ только буквы в строке Гнойный666 mccw@mail.ru 86
поле имени содержит НЕ только буквы в строке Владимир666 cjopwzztw@gmail.com 31
поле имени содержит НЕ только буквы в строке Бузова666 pmkixpo@mail.ru 58
поле имени содержит НЕ только буквы в строке Степан666 eykjp@ya.ru 139
поле имени содержит НЕ только буквы в строке Ли666 awjc@ya.ru 40
Нет @ или . в адресе почты в строке Степан 52 mhvbf@mail.ru
Нет @ или . в адресе почты в строке Ли 136 mriwsteh
Нет @ или . в адресе почты в строке Чехова 131 tpgiwxpet@mail.ru
Нет @ или . в адресе почты в строке Ли loqxt 10
поле имени содержит НЕ только буквы в строке Ли42 qk@mail.ru 8
Не хватает введенных данных not enough values to unpack (expected 3, got 1) в строк 
поле имени содержит НЕ только буквы в строке Чехова!!!!1 akwseqmndo@mail.ru 33
Не хватает введенных данных not enough values to unpack (expected 3, got 1) в строк agvobvr@mail.ru
Нет @ или . в адресе почты в строке Дмитрий fsfigvam 30
поле имени содержит НЕ только буквы в строке Тролль666 ctzxwzc@mail.ru 66
поле имени содержит НЕ только буквы в строке Равшан!!!!1 nwllr@mail.ru 82
Не хватает введенных данных not enough values to unpack (expected 3, got 2) в строк Нагиев 87
Не хватает введенных данных not enough values to unpack (expected 3, got 1) в строк cpbytheah@mail.ru
Не хватает введенных данных not enough values to unpack (expected 3, got 1) в строк Ли
поле имени содержит НЕ только буквы в строке Джигурда42 kwbkfb@mail.ru 103
Не хватает введенных данных not enough values to unpack (expected 3, got 1) в строк ybjqbgp@mail.ru
Нет @ или . в адресе почты в строке Нагиев yljsd 110
Не хватает введенных данных not enough values to unpack (expected 3, got 2) в строк 141 nfsqhyxv@mail.ru
поле имени содержит НЕ только буквы в строке Степан42 ghg@gmail.com 145
Не хватает введенных данных not enough values to unpack (expected 3, got 1) в строк 129
Нет @ или . в адресе почты в строке Волочкова 101 tgly@mail.ru
поле имени содержит НЕ только буквы в строке Равшан!!!!1 ulxvoyfms@ya.ru 107
Не хватает введенных данных not enough values to unpack (expected 3, got 1) в строк Бузова
Нет @ или . в адресе почты в строке Равшан 107 wuhjgqty@mail.ru
поле имени содержит НЕ только буквы в строке Владимир42 cmszgblsqy@mail.ru 53
Не хватает введенных данных not enough values to unpack (expected 3, got 2) в строк 15 cmtnrpit@gmail.com
Нет @ или . в адресе почты в строке Равшан wtpfigvam 33
поле имени содержит НЕ только буквы в строке Ярослав42 juptrzi@mail.ru 110
поле имени содержит НЕ только буквы в строке Земфира666 sifvssf@gmail.com 51
Не хватает введенных данных not enough values to unpack (expected 3, got 1) в строк 
Не хватает введенных данных not enough values to unpack (expected 3, got 2) в строк 56 ggwydsie@gmail.com
поле имени содержит НЕ только буквы в строке Геннадий666 cexzrtyoda@ya.ru 96
поле имени содержит НЕ только буквы в строке Муммий666 pbwdus@ya.ru 73
поле имени содержит НЕ только буквы в строке Артём42 tyvnfmq@ya.ru 150
поле имени содержит НЕ только буквы в строке Геннадий666 oyqffzcx@mail.ru 8
Не хватает введенных данных not enough values to unpack (expected 3, got 1) в строк Чехова
Нет @ или . в адресе почты в строке Геннадий 82 uwgn@ya.ru
Не хватает введенных данных not enough values to unpack (expected 3, got 1) в строк 
Не хватает введенных данных not enough values to unpack (expected 3, got 2) в строк Равшан 105
Не хватает введенных данных not enough values to unpack (expected 3, got 1) в строк 
Нет @ или . в адресе почты в строке Яочуан 22 jfzjerzm@ya.ru
Нет @ или . в адресе почты в строке Чонгкун 147 heevtbp@mail.ru
Не хватает введенных данных not enough values to unpack (expected 3, got 2) в строк Волочкова 100
поле имени содержит НЕ только буквы в строке Чехова666 wrnuu@mail.ru 82
поле имени содержит НЕ только буквы в строке Михаил42 wdkoz@gmail.com 36
поле имени содержит НЕ только буквы в строке Владимир42 vleqvfntk@gmail.com 81
Нет @ или . в адресе почты в строке Артём qakfigvam 10
Не хватает введенных данных not enough values to unpack (expected 3, got 2) в строк Яочуан 129
Не хватает введенных данных not enough values to unpack (expected 3, got 1) в строк Чехова
Не хватает введенных данных not enough values to unpack (expected 3, got 1) в строк 
поле имени содержит НЕ только буквы в строке Михаил666 uoludapk@gmail.com 81
Нет @ или . в адресе почты в строке Джамшут 58 deqqjvr@mail.ru
Не хватает введенных данных not enough values to unpack (expected 3, got 1) в строк 
поле имени содержит НЕ только буквы в строке Артём!!!!1 voyhigaywy@ya.ru 96
Не хватает введенных данных not enough values to unpack (expected 3, got 1) в строк 
поле имени содержит НЕ только буквы в строке Волочкова42 ctjhza@ya.ru 105
Не хватает введенных данных not enough values to unpack (expected 3, got 1) в строк 131
Не хватает введенных данных not enough values to unpack (expected 3, got 1) в строк 126
Не хватает введенных данных not enough values to unpack (expected 3, got 1) в строк 97
поле имени содержит НЕ только буквы в строке Ли42 hnrh@mail.ru 70
поле имени содержит НЕ только буквы в строке Пенг!!!!1 qolddv@ya.ru 13
Не хватает введенных данных not enough values to unpack (expected 3, got 1) в строк 
Не хватает введенных данных not enough values to unpack (expected 3, got 2) в строк 30 dd@ya.ru
Не хватает введенных данных not enough values to unpack (expected 3, got 1) в строк iscwls@mail.ru
Нет @ или . в адресе почты в строке Геннадий hnbfigvam 91
Нет @ или . в адресе почты в строке Джигурда ikdexopfigvam 36
Нет @ или . в адресе почты в строке Анна 32 ypbr@ya.ru
Не хватает введенных данных not enough values to unpack (expected 3, got 1) в строк 
поле имени содержит НЕ только буквы в строке Сянцзян!!!!1 rapatjhfu@ya.ru 35
поле имени содержит НЕ только буквы в строке Хенг42 yuhwiqiqru@ya.ru 33
Нет @ или . в адресе почты в строке Гнойный jvhsfmenfigvam 66
поле имени содержит НЕ только буквы в строке Тролль!!!!1 vnjbbbj@ya.ru 125
Нет @ или . в адресе почты в строке Яочуан igs 94
Не хватает введенных данных not enough values to unpack (expected 3, got 1) в строк 5
поле имени содержит НЕ только буквы в строке Нагиев42 asdzldv@mail.ru 36
поле имени содержит НЕ только буквы в строке Равшан!!!!1 jqw@mail.ru 117
поле имени содержит НЕ только буквы в строке Геннадий42 mtg@mail.ru 132
Нет @ или . в адресе почты в строке Джамшут kewzicxrnvfigvam 51
Нет @ или . в адресе почты в строке Чонгкун zzvnzjfigvam 19
поле имени содержит НЕ только буквы в строке Муммий42 alvtqkcbkg@gmail.com 83
Не хватает введенных данных not enough values to unpack (expected 3, got 1) в строк 
поле имени содержит НЕ только буквы в строке Тролль42 jopvz@ya.ru 150
поле имени содержит НЕ только буквы в строке Ли!!!!1 qyuxuh@ya.ru 135
поле имени содержит НЕ только буквы в строке Хенг!!!!1 djjv@gmail.com 31
Нет @ или . в адресе почты в строке Земфира wasrqvxns 149
Не хватает введенных данных not enough values to unpack (expected 3, got 1) в строк kxfxiixqkx@mail.ru
Нет @ или . в адресе почты в строке Ярослав jebog 74
Не хватает введенных данных not enough values to unpack (expected 3, got 2) в строк Чонгкун wg@mail.ru
Нет @ или . в адресе почты в строке Яочуан 88 ikbtseq@ya.ru
Не хватает введенных данных not enough values to unpack (expected 3, got 1) в строк Мария
Не хватает введенных данных not enough values to unpack (expected 3, got 1) в строк 
Не хватает введенных данных not enough values to unpack (expected 3, got 1) в строк Чехова
поле имени содержит НЕ только буквы в строке Ольга!!!!1 viyrj@mail.ru 113
Нет @ или . в адресе почты в строке Анна 119 fexcxtfa@ya.ru
поле имени содержит НЕ только буквы в строке Нагиев666 mod@gmail.com 104
Нет @ или . в адресе почты в строке Артём 55 qtidgm@ya.ru
Нет @ или . в адресе почты в строке Волочкова kxcjfigvam 32
поле имени содержит НЕ только буквы в строке Мария666 fcncrvva@gmail.com 86
поле имени содержит НЕ только буквы в строке Ли42 roqpmycj@gmail.com 87
поле имени содержит НЕ только буквы в строке Тролль!!!!1 dyc@mail.ru 18
Не хватает введенных данных not enough values to unpack (expected 3, got 2) в строк 46 knt@mail.ru
Нет @ или . в адресе почты в строке Ольга nykbtlfigvam 113
Нет @ или . в адресе почты в строке Тролль 8 vy@mail.ru
поле имени содержит НЕ только буквы в строке Артём666 yw@gmail.com 116
Не хватает введенных данных not enough values to unpack (expected 3, got 2) в строк Ольга 19
поле имени содержит НЕ только буквы в строке Артём!!!!1 cgi@gmail.com 64
Нет @ или . в адресе почты в строке Гнойный lxtl 26
Не хватает введенных данных not enough values to unpack (expected 3, got 2) в строк Степан 137
поле имени содержит НЕ только буквы в строке Геннадий42 tnmohqwgvr@gmail.com 59
Не хватает введенных данных not enough values to unpack (expected 3, got 1) в строк 
Не хватает введенных данных not enough values to unpack (expected 3, got 1) в строк 
Нет @ или . в адресе почты в строке Ван kflbhfigvam 139
Нет @ или . в адресе почты в строке Дмитрий jcf 24
Не хватает введенных данных not enough values to unpack (expected 3, got 2) в строк Артём 129
поле имени содержит НЕ только буквы в строке Хенг666 sbzghymivf@gmail.com 93
поле имени содержит НЕ только буквы в строке Анна666 mdnu@mail.ru 97
Не хватает введенных данных not enough values to unpack (expected 3, got 1) в строк 36
Не хватает введенных данных not enough values to unpack (expected 3, got 1) в строк kgzptyc@gmail.com
поле имени содержит НЕ только буквы в строке Михаил666 im@mail.ru 105
Нет @ или . в адресе почты в строке Геннадий 62 qoe@gmail.com
Нет @ или . в адресе почты в строке Хенг plobbkhfigvam 92
Не хватает введенных данных not enough values to unpack (expected 3, got 1) в строк 
поле имени содержит НЕ только буквы в строке Хенг666 slynt@gmail.com 64
Не хватает введенных данных not enough values to unpack (expected 3, got 2) в строк Земфира 18
Нет @ или . в адресе почты в строке Равшан 93 evyhc@mail.ru
Не хватает введенных данных not enough values to unpack (expected 3, got 2) в строк Геннадий 7
Нет @ или . в адресе почты в строке Геннадий fboufvjna 7
поле имени содержит НЕ только буквы в строке Ван!!!!1 udlzkizctr@ya.ru 107
Нет @ или . в адресе почты в строке Сянцзян cgirs 51
Нет @ или . в адресе почты в строке Ван 22 jgcjseqdap@mail.ru
Не хватает введенных данных not enough values to unpack (expected 3, got 1) в строк 
поле имени содержит НЕ только буквы в строке Пенг42 dclwgk@mail.ru 103
Нет @ или . в адресе почты в строке Ван 55 nopdpm@ya.ru
Не хватает введенных данных not enough values to unpack (expected 3, got 1) в строк 
Не хватает введенных данных not enough values to unpack (expected 3, got 2) в строк Бузова 146
Не хватает введенных данных not enough values to unpack (expected 3, got 1) в строк 
поле имени содержит НЕ только буквы в строке Волочкова666 hgwb@mail.ru 40
поле имени содержит НЕ только буквы в строке Джамшут666 lbvf@ya.ru 3
поле имени содержит НЕ только буквы в строке Ли!!!!1 svvlhtyaer@gmail.com 126
Нет @ или . в адресе почты в строке Волочкова ssws 131
поле имени содержит НЕ только буквы в строке Мария!!!!1 elrrrak@gmail.com 145
поле имени содержит НЕ только буквы в строке Бузова!!!!1 drxmptu@ya.ru 150
Не хватает введенных данных not enough values to unpack (expected 3, got 2) в строк 14 jgyipipd@mail.ru
поле имени содержит НЕ только буквы в строке Чехова666 icum@ya.ru 75
поле имени содержит НЕ только буквы в строке Геннадий!!!!1 xqyiiqmu@ya.ru 93
поле имени содержит НЕ только буквы в строке Анна666 bhy@mail.ru 81
Не хватает введенных данных not enough values to unpack (expected 3, got 1) в строк 
Нет @ или . в адресе почты в строке Хенг 6 ogogbyvjqa@ya.ru
Нет @ или . в адресе почты в строке Степан lfhfigvam 121
Нет @ или . в адресе почты в строке Артём qnkm 76
Не хватает введенных данных not enough values to unpack (expected 3, got 1) в строк 112
поле имени содержит НЕ только буквы в строке Дмитрий666 bmrblqh@ya.ru 127
Не хватает введенных данных not enough values to unpack (expected 3, got 2) в строк 107 bb@mail.ru
поле имени содержит НЕ только буквы в строке Джигурда!!!!1 tyax@gmail.com 105
поле имени содержит НЕ только буквы в строке Михаил42 dhgvpe@mail.ru 13
поле имени содержит НЕ только буквы в строке Ли42 hekgqk@gmail.com 10
поле имени содержит НЕ только буквы в строке Яочуан!!!!1 cate@mail.ru 28
поле имени содержит НЕ только буквы в строке Ольга666 czn@gmail.com 5
поле имени содержит НЕ только буквы в строке Анна!!!!1 zvvvxxazm@ya.ru 136
поле имени содержит НЕ только буквы в строке Михаил666 pobkr@mail.ru 44
поле имени содержит НЕ только буквы в строке Чехова!!!!1 rqe@ya.ru 77
поле имени содержит НЕ только буквы в строке Ли42 fazjydtmu@mail.ru 102
Нет @ или . в адресе почты в строке Муммий dehrytapi 115
поле имени содержит НЕ только буквы в строке Артём!!!!1 sqhboz@mail.ru 19
Не хватает введенных данных not enough values to unpack (expected 3, got 1) в строк 
Нет @ или . в адресе почты в строке Сянцзян ciu 70
Не хватает введенных данных not enough values to unpack (expected 3, got 1) в строк 
Не хватает введенных данных not enough values to unpack (expected 3, got 1) в строк 87
Не хватает введенных данных not enough values to unpack (expected 3, got 1) в строк ejgooayrv@mail.ru
поле имени содержит НЕ только буквы в строке Бузова666 kiqdpnibn@gmail.com 110
поле имени содержит НЕ только буквы в строке Дмитрий42 haf@ya.ru 81
поле имени содержит НЕ только буквы в строке Ярослав!!!!1 gwbiua@mail.ru 93
поле имени содержит НЕ только буквы в строке Хенг!!!!1 fvsosqu@gmail.com 145
поле имени содержит НЕ только буквы в строке Яочуан666 ekbmjc@ya.ru 53
Нет @ или . в адресе почты в строке Артём 88 febb@ya.ru
Не хватает введенных данных not enough values to unpack (expected 3, got 1) в строк 
Не хватает введенных данных not enough values to unpack (expected 3, got 1) в строк 
поле имени содержит НЕ только буквы в строке Ярослав!!!!1 lepxwlipc@gmail.com 115
поле имени содержит НЕ только буквы в строке Ольга666 xbelu@mail.ru 145
Не хватает введенных данных not enough values to unpack (expected 3, got 1) в строк 
поле имени содержит НЕ только буквы в строке Ярослав42 tqhpyaet@mail.ru 147
Не хватает введенных данных not enough values to unpack (expected 3, got 1) в строк owjaajw@mail.ru
Нет @ или . в адресе почты в строке Гнойный fjlrym 29
Не хватает введенных данных not enough values to unpack (expected 3, got 2) в строк Сянцзян jq@gmail.com
Нет @ или . в адресе почты в строке Джамшут gjbkcaii 144
Нет @ или . в адресе почты в строке Тролль 136 hzw@gmail.com
Нет @ или . в адресе почты в строке Нагиев ejoaxlgoufigvam 126
поле имени содержит НЕ только буквы в строке Сянцзян!!!!1 rq@gmail.com 134
поле имени содержит НЕ только буквы в строке Михаил!!!!1 kjuf@gmail.com 98
Не хватает введенных данных not enough values to unpack (expected 3, got 1) в строк 
поле имени содержит НЕ только буквы в строке Артём42 wshueb@mail.ru 83
поле имени содержит НЕ только буквы в строке Ли42 hoosxc@ya.ru 136
Нет @ или . в адресе почты в строке Муммий oaxfigvam 120
поле имени содержит НЕ только буквы в строке Чонгкун!!!!1 ewxbct@ya.ru 68
Не хватает введенных данных not enough values to unpack (expected 3, got 1) в строк 
Не хватает введенных данных not enough values to unpack (expected 3, got 1) в строк Нагиев
поле имени содержит НЕ только буквы в строке Ольга42 zs@gmail.com 134
Нет @ или . в адресе почты в строке Дмитрий ypwlitbqvwfigvam 81
Не хватает введенных данных not enough values to unpack (expected 3, got 2) в строк 80 ymaxeliarj@ya.ru
Нет @ или . в адресе почты в строке Ван ym 136
Нет @ или . в адресе почты в строке Волочкова fjuilumo 32
поле имени содержит НЕ только буквы в строке Чонгкун42 twtho@gmail.com 139
Не хватает введенных данных not enough values to unpack (expected 3, got 1) в строк mngkagkbtg@gmail.com
поле имени содержит НЕ только буквы в строке Ольга!!!!1 iqmlvlgwie@ya.ru 148
Не хватает введенных данных not enough values to unpack (expected 3, got 2) в строк Мария nc@gmail.com
Нет @ или . в адресе почты в строке Ярослав vc 34
Нет @ или . в адресе почты в строке Ли ih 150
Не хватает введенных данных not enough values to unpack (expected 3, got 1) в строк 99
поле имени содержит НЕ только буквы в строке Ван!!!!1 gqnvyazgeb@ya.ru 2
Не хватает введенных данных not enough values to unpack (expected 3, got 1) в строк 93
поле имени содержит НЕ только буквы в строке Михаил!!!!1 edwwl@gmail.com 65
поле имени содержит НЕ только буквы в строке Ольга!!!!1 ahtwhcnt@gmail.com 46
поле имени содержит НЕ только буквы в строке Михаил!!!!1 twlsmljrn@ya.ru 7
Нет @ или . в адресе почты в строке Геннадий kzfigvam 55
Не хватает введенных данных not enough values to unpack (expected 3, got 1) в строк uhdbu@mail.ru
Не хватает введенных данных not enough values to unpack (expected 3, got 2) в строк Чехова 113
Не хватает введенных данных not enough values to unpack (expected 3, got 1) в строк 
поле имени содержит НЕ только буквы в строке Пенг666 ejt@mail.ru 2
Не хватает введенных данных not enough values to unpack (expected 3, got 2) в строк 65 ezk@gmail.com
Не хватает введенных данных not enough values to unpack (expected 3, got 1) в строк Дмитрий
Нет @ или . в адресе почты в строке Земфира jqsuiethvsfigvam 94
поле имени содержит НЕ только буквы в строке Хенг!!!!1 xoxlplp@ya.ru 13
Нет @ или . в адресе почты в строке Яочуан 8 qcf@ya.ru
Не хватает введенных данных not enough values to unpack (expected 3, got 1) в строк 
поле имени содержит НЕ только буквы в строке Ли42 idxtdoq@gmail.com 73
Не хватает введенных данных not enough values to unpack (expected 3, got 1) в строк Владимир
Не хватает введенных данных not enough values to unpack (expected 3, got 2) в строк Михаил 10
поле имени содержит НЕ только буквы в строке Чонгкун!!!!1 zohgk@mail.ru 128
Не хватает введенных данных not enough values to unpack (expected 3, got 1) в строк Чонгкун
поле имени содержит НЕ только буквы в строке Сянцзян!!!!1 yxjlmnjyd@ya.ru 58
поле имени содержит НЕ только буквы в строке Ван666 de@ya.ru 58
Не хватает введенных данных not enough values to unpack (expected 3, got 1) в строк 
Не хватает введенных данных not enough values to unpack (expected 3, got 2) в строк Чехова huqobqc@mail.ru
Не хватает введенных данных not enough values to unpack (expected 3, got 1) в строк Сянцзян
Не хватает введенных данных not enough values to unpack (expected 3, got 1) в строк Пенг
Нет @ или . в адресе почты в строке Волочкова mknifigvam 36
Нет @ или . в адресе почты в строке Геннадий prras 69
поле имени содержит НЕ только буквы в строке Геннадий666 cgbhqq@ya.ru 44
Не хватает введенных данных not enough values to unpack (expected 3, got 1) в строк 130
поле имени содержит НЕ только буквы в строке Джигурда!!!!1 fyjbwfgwau@mail.ru 134
Нет @ или . в адресе почты в строке Ярослав tizanpv 79
поле имени содержит НЕ только буквы в строке Муммий42 jptag@gmail.com 16
Не хватает введенных данных not enough values to unpack (expected 3, got 2) в строк Геннадий 95
Не хватает введенных данных not enough values to unpack (expected 3, got 1) в строк uzwykma@ya.ru
Не хватает введенных данных not enough values to unpack (expected 3, got 1) в строк 
поле имени содержит НЕ только буквы в строке Бузова!!!!1 plftnpbjo@gmail.com 99
Нет @ или . в адресе почты в строке Сянцзян 146 stgpc@mail.ru
Нет @ или . в адресе почты в строке Чехова 129 juee@mail.ru
поле имени содержит НЕ только буквы в строке Ли42 qc@gmail.com 65
поле имени содержит НЕ только буквы в строке Степан!!!!1 psa@mail.ru 78
поле имени содержит НЕ только буквы в строке Дмитрий666 ca@ya.ru 24
Не хватает введенных данных not enough values to unpack (expected 3, got 1) в строк 
поле имени содержит НЕ только буквы в строке Ольга42 zktj@ya.ru 103
поле имени содержит НЕ только буквы в строке Ярослав42 tjtavv@mail.ru 55
Не хватает введенных данных not enough values to unpack (expected 3, got 1) в строк ffmpsyec@ya.ru
поле имени содержит НЕ только буквы в строке Пенг666 pc@ya.ru 60
поле имени содержит НЕ только буквы в строке Чонгкун42 zvjlxq@ya.ru 11
Не хватает введенных данных not enough values to unpack (expected 3, got 2) в строк 76 yaopefnl@ya.ru
поле имени содержит НЕ только буквы в строке Бузова42 xutf@ya.ru 71
Не хватает введенных данных not enough values to unpack (expected 3, got 2) в строк 45 bvccuqc@mail.ru
поле имени содержит НЕ только буквы в строке Ли42 zmyxuszbn@mail.ru 55
Не хватает введенных данных not enough values to unpack (expected 3, got 2) в строк Ли 75
поле имени содержит НЕ только буквы в строке Артём!!!!1 ow@ya.ru 22
Нет @ или . в адресе почты в строке Анна tuk 58
поле имени содержит НЕ только буквы в строке Тролль!!!!1 cxknkqoch@gmail.com 110
Нет @ или . в адресе почты в строке Нагиев 8 txjlbbrry@gmail.com
Нет @ или . в адресе почты в строке Земфира 27 ugvcfouep@gmail.com
Нет @ или . в адресе почты в строке Артём nenrkg 127
Нет @ или . в адресе почты в строке Джигурда svjfigvam 9
поле имени содержит НЕ только буквы в строке Дмитрий!!!!1 oievg@gmail.com 128
поле имени содержит НЕ только буквы в строке Нагиев42 erskys@mail.ru 90
поле имени содержит НЕ только буквы в строке Ли666 sithhxg@mail.ru 109
Не хватает введенных данных not enough values to unpack (expected 3, got 1) в строк xnbijie@mail.ru
поле имени содержит НЕ только буквы в строке Тролль666 ljkbzhpig@mail.ru 37
Не хватает введенных данных not enough values to unpack (expected 3, got 2) в строк 113 qc@ya.ru
поле имени содержит НЕ только буквы в строке Ярослав!!!!1 gp@ya.ru 144
Не хватает введенных данных not enough values to unpack (expected 3, got 2) в строк Михаил 11
поле имени содержит НЕ только буквы в строке Нагиев!!!!1 vgotntrh@mail.ru 106
поле имени содержит НЕ только буквы в строке Ярослав666 xh@ya.ru 7
Не хватает введенных данных not enough values to unpack (expected 3, got 2) в строк Ван nzleafoqxt@ya.ru
Нет @ или . в адресе почты в строке Пенг tnxoigdmfigvam 86
Нет @ или . в адресе почты в строке Чехова cqglvikwrc 69
Нет @ или . в адресе почты в строке Хенг depdrtokh 83
поле имени содержит НЕ только буквы в строке Мария666 jhy@mail.ru 56
Не хватает введенных данных not enough values to unpack (expected 3, got 1) в строк 
Нет @ или . в адресе почты в строке Геннадий ksna 64
Не хватает введенных данных not enough values to unpack (expected 3, got 2) в строк Тролль delkswdgqh@gmail.com
поле имени содержит НЕ только буквы в строке Ольга42 lohh@ya.ru 2
Не хватает введенных данных not enough values to unpack (expected 3, got 2) в строк 95 hagpmhru@gmail.com
Нет @ или . в адресе почты в строке Тролль aevtfigvam 103
Нет @ или . в адресе почты в строке Волочкова 11 cwiinxbojd@gmail.com
Не хватает введенных данных not enough values to unpack (expected 3, got 1) в строк 
Нет @ или . в адресе почты в строке Дмитрий mxjyith 137
Нет @ или . в адресе почты в строке Гнойный 43 gxopkqfx@mail.ru
поле имени содержит НЕ только буквы в строке Гнойный666 bjaselri@ya.ru 42
Нет @ или . в адресе почты в строке Ван jouht 41
Не хватает введенных данных not enough values to unpack (expected 3, got 1) в строк Михаил
Нет @ или . в адресе почты в строке Ольга nxgxiqbpufigvam 75
Нет @ или . в адресе почты в строке Джигурда bnqmijgdktfigvam 89
Не хватает введенных данных not enough values to unpack (expected 3, got 1) в строк vcyyfijz@ya.ru
поле имени содержит НЕ только буквы в строке Владимир666 safgslhnp@ya.ru 98
Не хватает введенных данных not enough values to unpack (expected 3, got 1) в строк 
Нет @ или . в адресе почты в строке Ольга 58 est@ya.ru
поле имени содержит НЕ только буквы в строке Джигурда42 xbb@gmail.com 19
поле имени содержит НЕ только буквы в строке Ольга!!!!1 cf@mail.ru 6
поле имени содержит НЕ только буквы в строке Ли42 oz.ru 32
Не хватает введенных данных not enough values to unpack (expected 3, got 2) в строк Владимир 81
поле имени содержит НЕ только буквы в строке Сянцзян!!!!1 kznhswm@ya.ru 107
поле имени содержит НЕ только буквы в строке Волочкова666 dwpensufag@gmail.com 142
Нет @ или . в адресе почты в строке Ли hfge 128
поле имени содержит НЕ только буквы в строке Геннадий!!!!1 dtxkypyyb@ya.ru 74
Не хватает введенных данных not enough values to unpack (expected 3, got 1) в строк tzxak@gmail.com
поле имени содержит НЕ только буквы в строке Артём666 ckyk@gmail.com 22
Нет @ или . в адресе почты в строке Степан 117 zcrcsztr@gmail.com
Не хватает введенных данных not enough values to unpack (expected 3, got 2) в строк Ярослав fgwinfsvhk@ya.ru
Нет @ или . в адресе почты в строке Равшан kbjmp 124
поле имени содержит НЕ только буквы в строке Нагиев42 tb@gmail.com 109
поле имени содержит НЕ только буквы в строке Хенг42 iaruxbanv@gmail.com 51
поле имени содержит НЕ только буквы в строке Нагиев42 jrps@mail.ru 19
Нет @ или . в адресе почты в строке Степан swcoopllww 36
поле имени содержит НЕ только буквы в строке Нагиев666 kilfxize@ya.ru 69
поле имени содержит НЕ только буквы в строке Геннадий42 ap@mail.ru 5
Не хватает введенных данных not enough values to unpack (expected 3, got 1) в строк vghlw@ya.ru
Не хватает введенных данных not enough values to unpack (expected 3, got 1) в строк 129
поле имени содержит НЕ только буквы в строке Волочкова666 yfohyg@gmail.com 41
поле имени содержит НЕ только буквы в строке Степан!!!!1 ufjonac@mail.ru 13
Нет @ или . в адресе почты в строке Земфира egqtcgcdqa 127
поле имени содержит НЕ только буквы в строке Равшан666 ecgnypz@gmail.com 57
Не хватает введенных данных not enough values to unpack (expected 3, got 2) в строк Чонгкун 41
Нет @ или . в адресе почты в строке Равшан jgrukcwfigvam 144
Не хватает введенных данных not enough values to unpack (expected 3, got 2) в строк 51 htwdgznavv@ya.ru
поле имени содержит НЕ только буквы в строке Артём42 osvqlaeyk@mail.ru 89
поле имени содержит НЕ только буквы в строке Степан!!!!1 fz@ya.ru 79
Не хватает введенных данных not enough values to unpack (expected 3, got 1) в строк 
поле имени содержит НЕ только буквы в строке Владимир42 wyg@mail.ru 85
Не хватает введенных данных not enough values to unpack (expected 3, got 1) в строк kdjhud@gmail.com
Не хватает введенных данных not enough values to unpack (expected 3, got 2) в строк Волочкова 69
Нет @ или . в адресе почты в строке Равшан azsqccfx 81
Не хватает введенных данных not enough values to unpack (expected 3, got 1) в строк avrgsklcl@mail.ru
Нет @ или . в адресе почты в строке Артём 115 kzt@mail.ru
Нет @ или . в адресе почты в строке Джигурда zxllbfa 54
Не хватает введенных данных not enough values to unpack (expected 3, got 2) в строк 130 etxsuxnn@ya.ru
Не хватает введенных данных not enough values to unpack (expected 3, got 1) в строк 
Не хватает введенных данных not enough values to unpack (expected 3, got 2) в строк 141 jefaphil@gmail.com
Нет @ или . в адресе почты в строке Пенг 90 dfnus@ya.ru
Нет @ или . в адресе почты в строке Джамшут syrknfjjzfigvam 5
поле имени содержит НЕ только буквы в строке Геннадий42 vwxyofo@gmail.com 110
Не хватает введенных данных not enough values to unpack (expected 3, got 1) в строк 30
Не хватает введенных данных not enough values to unpack (expected 3, got 1) в строк 
поле имени содержит НЕ только буквы в строке Джамшут42 tuknuio@gmail.com 84
поле имени содержит НЕ только буквы в строке Джамшут666 fb@ya.ru 78
Не хватает введенных данных not enough values to unpack (expected 3, got 2) в строк Чонгкун 79
поле имени содержит НЕ только буквы в строке Ярослав42 rjsnul@gmail.com 46
поле имени содержит НЕ только буквы в строке Тролль!!!!1 xrv@gmail.com 63
Нет @ или . в адресе почты в строке Земфира 70 ccerney@ya.ru
Не хватает введенных данных not enough values to unpack (expected 3, got 2) в строк Чехова 47
поле имени содержит НЕ только буквы в строке Земфира!!!!1 yaid@gmail.com 146
Не хватает введенных данных not enough values to unpack (expected 3, got 2) в строк 25 aw@mail.ru
Не хватает введенных данных not enough values to unpack (expected 3, got 1) в строк 114
Не хватает введенных данных not enough values to unpack (expected 3, got 2) в строк Ярослав 150
поле имени содержит НЕ только буквы в строке Яочуан42 ofjv@gmail.com 147
поле имени содержит НЕ только буквы в строке Артём666 gkxrmf@mail.ru 127
поле имени содержит НЕ только буквы в строке Волочкова42 qvh@mail.ru 120
поле имени содержит НЕ только буквы в строке Равшан42 rikzshxn@mail.ru 113
поле имени содержит НЕ только буквы в строке Ольга42 ybmxqdmp@mail.ru 134
Не хватает введенных данных not enough values to unpack (expected 3, got 2) в строк Нагиев 5
Нет @ или . в адресе почты в строке Ольга dmxhmdfigvam 90
Нет @ или . в адресе почты в строке Чехова uvjfigvam 50
Не хватает введенных данных not enough values to unpack (expected 3, got 1) в строк fobycm@gmail.com
поле имени содержит НЕ только буквы в строке Геннадий666 wx@mail.ru 142
Не хватает введенных данных not enough values to unpack (expected 3, got 1) в строк 
Не хватает введенных данных not enough values to unpack (expected 3, got 1) в строк 
Не хватает введенных данных not enough values to unpack (expected 3, got 2) в строк Чехова 116
Нет @ или . в адресе почты в строке Мария oaqsckym 108
Нет @ или . в адресе почты в строке Бузова vpvkfigvam 38
поле имени содержит НЕ только буквы в строке Ольга666 gcbyzzd@mail.ru 35
Не хватает введенных данных not enough values to unpack (expected 3, got 2) в строк 20 zxwossbh@mail.ru
Нет @ или . в адресе почты в строке Бузова obh 120
Нет @ или . в адресе почты в строке Ольга eurc 147
поле имени содержит НЕ только буквы в строке Пенг666 shrinqh@gmail.com 118
поле имени содержит НЕ только буквы в строке Бузова666 eeeuan@mail.ru 47
Не хватает введенных данных not enough values to unpack (expected 3, got 2) в строк Сянцзян efw@gmail.com
поле имени содержит НЕ только буквы в строке Ли42 wp@mail.ru 102
Не хватает введенных данных not enough values to unpack (expected 3, got 2) в строк Муммий 27
Не хватает введенных данных not enough values to unpack (expected 3, got 1) в строк 
поле имени содержит НЕ только буквы в строке Степан!!!!1 lywhfp@ya.ru 129
поле имени содержит НЕ только буквы в строке Хенг666 girleigcr@ya.ru 34
Нет @ или . в адресе почты в строке Равшан 35 ofdlmej@gmail.com
Нет @ или . в адресе почты в строке Муммий 77 pqtmptomb@ya.ru
Не хватает введенных данных not enough values to unpack (expected 3, got 1) в строк 
Нет @ или . в адресе почты в строке Анна lem 106
поле имени содержит НЕ только буквы в строке Михаил666 nyhtpmnzqb@mail.ru 133
Нет @ или . в адресе почты в строке Земфира nsmztmtx 56
поле имени содержит НЕ только буквы в строке Джигурда42 xayajydse@ya.ru 92
поле имени содержит НЕ только буквы в строке Владимир666 oqdtiitgkx@ya.ru 121
Не хватает введенных данных not enough values to unpack (expected 3, got 2) в строк Равшан 3
поле имени содержит НЕ только буквы в строке Гнойный666 cejwq@ya.ru 20
Не хватает введенных данных not enough values to unpack (expected 3, got 2) в строк Бузова aoivhha@mail.ru
поле имени содержит НЕ только буквы в строке Сянцзян!!!!1 epvtjyyne@ya.ru 75
поле имени содержит НЕ только буквы в строке Ольга!!!!1 nejtkphtj@gmail.com 72
Не хватает введенных данных not enough values to unpack (expected 3, got 2) в строк Тролль 72
Нет @ или . в адресе почты в строке Яочуан doqvvvzjsjfigvam 72
Нет @ или . в адресе почты в строке Ван zz 38
поле имени содержит НЕ только буквы в строке Чехова666 qrmkrdyj@gmail.com 27
поле имени содержит НЕ только буквы в строке Михаил!!!!1 elgpecc@mail.ru 18
поле имени содержит НЕ только буквы в строке Степан666 ggel@mail.ru 78
поле имени содержит НЕ только буквы в строке Чонгкун42 iyfvfnmfigvam 101
Не хватает введенных данных not enough values to unpack (expected 3, got 1) в строк mnlzwm@gmail.com
Нет @ или . в адресе почты в строке Земфира 60 pb@gmail.com
поле имени содержит НЕ только буквы в строке Владимир42 ixklrsprlf@mail.ru 66
Не хватает введенных данных not enough values to unpack (expected 3, got 1) в строк Ли
поле имени содержит НЕ только буквы в строке Дмитрий666 soasnrtxa@mail.ru 100
поле имени содержит НЕ только буквы в строке Ван!!!!1 hefgaw@mail.ru 145
поле имени содержит НЕ только буквы в строке Ван42 oqz@ya.ru 61
поле имени содержит НЕ только буквы в строке Равшан666 hugv.mail.ru 124
Не хватает введенных данных not enough values to unpack (expected 3, got 1) в строк 
Нет @ или . в адресе почты в строке Чонгкун vmflsqzffigvam 113
поле имени содержит НЕ только буквы в строке Джигурда!!!!1 sfgl@mail.ru 106
поле имени содержит НЕ только буквы в строке Ли666 gmsqb@ya.ru 23
поле имени содержит НЕ только буквы в строке Ли42 dkuifigvam 131
Нет @ или . в адресе почты в строке Яочуан vk 48
поле имени содержит НЕ только буквы в строке Джигурда42 pp@gmail.com 95
поле имени содержит НЕ только буквы в строке Чехова666 ggp@ya.ru 44
поле имени содержит НЕ только буквы в строке Равшан42 wrccps@gmail.com 19
Нет @ или . в адресе почты в строке Артём 56 ajacsghgr@mail.ru
поле имени содержит НЕ только буквы в строке Михаил666 nfkgdficq@ya.ru 35
поле имени содержит НЕ только буквы в строке Джигурда42 ttdofdr@ya.ru 23
Не хватает введенных данных not enough values to unpack (expected 3, got 1) в строк 
Нет @ или . в адресе почты в строке Чехова pylfigvam 138
поле имени содержит НЕ только буквы в строке Чехова42 emzlpst@ya.ru 141
поле имени содержит НЕ только буквы в строке Бузова!!!!1 of@gmail.com 105
Нет @ или . в адресе почты в строке Дмитрий 23 dklpkwpf@ya.ru
Нет @ или . в адресе почты в строке Муммий iofigvam 65
Не хватает введенных данных not enough values to unpack (expected 3, got 1) в строк 48
Нет @ или . в адресе почты в строке Джигурда whfmfkhctfigvam 13
Нет @ или . в адресе почты в строке Джигурда 118 si@gmail.com
Не хватает введенных данных not enough values to unpack (expected 3, got 1) в строк 
Нет @ или . в адресе почты в строке Ван 146 jnhds@ya.ru
Нет @ или . в адресе почты в строке Хенг 116 tqkpforkd@mail.ru
Нет @ или . в адресе почты в строке Михаил 30 hju@gmail.com
Нет @ или . в адресе почты в строке Михаил iyp 10
Нет @ или . в адресе почты в строке Ли eud 8
Не хватает введенных данных not enough values to unpack (expected 3, got 2) в строк Артём 145
поле имени содержит НЕ только буквы в строке Сянцзян!!!!1 xertpbt@gmail.com 145
Нет @ или . в адресе почты в строке Тролль 68 bbmdqbunqu@ya.ru
Нет @ или . в адресе почты в строке Ли ralr 22
Нет @ или . в адресе почты в строке Сянцзян whdvpsbsvfigvam 101
поле имени содержит НЕ только буквы в строке Бузова666 raiuez@ya.ru 72
поле имени содержит НЕ только буквы в строке Нагиев666 pgxcwvz@mail.ru 3
поле имени содержит НЕ только буквы в строке Мария!!!!1 iqs@mail.ru 56
Не хватает введенных данных not enough values to unpack (expected 3, got 1) в строк 98
Нет @ или . в адресе почты в строке Бузова cgsksquufigvam 107
